2025-02-01 11:30:43.644 | INFO     | utils_logger:<module>:41 - Logging to file: logs\project_log.log
2025-02-01 11:30:43.645 | INFO     | __main__:main:93 - Starting CSV fetch demonstration...
2025-02-01 11:30:43.645 | INFO     | __main__:fetch_csv_file:52 - Fetching CSV data from https://raw.githubusercontent.com/MainakRepositor/Datasets/master/World%20Happiness%20Data/2020.csv...
2025-02-01 11:30:43.907 | INFO     | __main__:write_csv_file:76 - Writing CSV data to example_data\2020_happiness.csv...
2025-02-01 11:30:43.910 | INFO     | __main__:write_csv_file:80 - SUCCESS: CSV data written to example_data\2020_happiness.csv
2025-02-01 11:30:43.910 | INFO     | __main__:fetch_csv_file:56 - SUCCESS: CSV file fetched and saved as 2020_happiness.csv
2025-02-01 11:41:14.601 | INFO     | utils_logger:<module>:41 - Logging to file: logs\project_log.log
2025-02-01 11:41:14.602 | INFO     | __main__:main:93 - Starting CSV fetch demonstration...
2025-02-01 11:41:14.602 | INFO     | __main__:fetch_csv_file:52 - Fetching CSV data from https://github.com/jfrummel/datafun-03-analytics/blob/main/data/Premleg_23_24_file_details%20(1).csv...
2025-02-01 11:41:15.180 | INFO     | __main__:write_csv_file:76 - Writing CSV data to data\soccer.csv...
2025-02-01 11:41:15.185 | INFO     | __main__:write_csv_file:80 - SUCCESS: CSV data written to data\soccer.csv
2025-02-01 11:41:15.185 | INFO     | __main__:fetch_csv_file:56 - SUCCESS: CSV file fetched and saved as soccer.csv
2025-02-01 11:43:09.807 | INFO     | utils_logger:<module>:41 - Logging to file: logs\project_log.log
2025-02-01 11:43:09.807 | INFO     | __main__:main:93 - Starting Excel fetch demonstration...
2025-02-01 11:43:09.807 | INFO     | __main__:fetch_excel_file:52 - Fetching Excel data from https://github.com/jfrummel/datafun-03-analytics/blob/main/data/sportsref_download.xls...
2025-02-01 11:43:11.225 | INFO     | __main__:write_excel_file:76 - Writing Excel data to data\bulls.xlsx...
2025-02-01 11:43:11.229 | INFO     | __main__:write_excel_file:80 - SUCCESS: Excel data written to data\bulls.xlsx
2025-02-01 11:43:11.229 | INFO     | __main__:fetch_excel_file:56 - SUCCESS: Excel file fetched and saved as bulls.xlsx
2025-02-01 11:44:40.521 | INFO     | utils_logger:<module>:41 - Logging to file: logs\project_log.log
2025-02-01 11:44:40.521 | INFO     | __main__:main:94 - Starting JSON fetch demonstration...
2025-02-01 11:44:40.521 | INFO     | __main__:fetch_json_file:53 - Fetching JSON data from https://github.com/jfrummel/datafun-03-analytics/blob/main/data/ems.json...
2025-02-01 11:44:41.338 | ERROR    | __main__:fetch_json_file:61 - Request error occurred: Expecting value: line 7 column 1 (char 6)
2025-02-01 11:49:05.063 | INFO     | utils_logger:<module>:41 - Logging to file: logs\project_log.log
2025-02-01 11:49:05.063 | INFO     | __main__:main:94 - Starting JSON fetch demonstration...
2025-02-01 11:49:05.064 | INFO     | __main__:fetch_json_file:53 - Fetching JSON data from https://data.austintexas.gov/api/views/gjtj-jt2d/rows.json?accessType=DOWNLOAD...
2025-02-01 11:49:05.664 | INFO     | __main__:write_json_file:77 - Writing JSON data to data\ems.json...
2025-02-01 11:49:05.682 | INFO     | __main__:write_json_file:81 - SUCCESS: JSON data written to data\ems.json
2025-02-01 11:49:05.683 | INFO     | __main__:fetch_json_file:57 - SUCCESS: JSON file fetched and saved as ems.json
2025-02-01 11:51:53.924 | INFO     | utils_logger:<module>:41 - Logging to file: logs\project_log.log
2025-02-01 11:51:53.924 | INFO     | __main__:main:93 - Starting text fetch demonstration...
2025-02-01 11:51:53.924 | INFO     | __main__:fetch_txt_file:52 - Fetching text data from https://cdn.serc.carleton.edu/files/teaching_computation/workshop_2018/activities/plain_text_version_declaration_inde.txt...
2025-02-01 11:51:54.044 | INFO     | __main__:write_txt_file:76 - Writing data to example_data\declaration.txt...
2025-02-01 11:51:54.046 | INFO     | __main__:write_txt_file:80 - SUCCESS: Data written to example_data\declaration.txt
2025-02-01 11:51:54.046 | INFO     | __main__:fetch_txt_file:56 - SUCCESS: Text file fetched and saved as declaration.txt
2025-02-01 11:52:31.563 | INFO     | utils_logger:<module>:41 - Logging to file: logs\project_log.log
2025-02-01 11:52:31.563 | INFO     | __main__:main:93 - Starting text fetch demonstration...
2025-02-01 11:52:31.564 | INFO     | __main__:fetch_txt_file:52 - Fetching text data from https://cdn.serc.carleton.edu/files/teaching_computation/workshop_2018/activities/plain_text_version_declaration_inde.txt...
2025-02-01 11:52:31.676 | INFO     | __main__:write_txt_file:76 - Writing data to data\declaration.txt...
2025-02-01 11:52:31.684 | INFO     | __main__:write_txt_file:80 - SUCCESS: Data written to data\declaration.txt
2025-02-01 11:52:31.684 | INFO     | __main__:fetch_txt_file:56 - SUCCESS: Text file fetched and saved as declaration.txt
2025-02-01 11:57:12.504 | INFO     | utils_logger:<module>:41 - Logging to file: logs\project_log.log
2025-02-01 11:57:12.504 | INFO     | __main__:main:93 - Starting CSV fetch demonstration...
2025-02-01 11:57:12.504 | INFO     | __main__:fetch_csv_file:52 - Fetching CSV data from https://app.gigasheet.com/spreadsheet/2023-2024-nba-player-stats/689a6604_4bf8_4516_9f95_c57d02277f3e?referrerId=https%3A%2F%2Fwww.gigasheet.com%2Fsample-data%2F2023-2024-nba-player-stats&_gl=1*1wmbw9g*_gcl_au*NDg4NDUxMTE1LjE3Mzg0MzI1Mjk....
2025-02-01 11:57:12.949 | INFO     | __main__:write_csv_file:76 - Writing CSV data to data\nba.csv...
2025-02-01 11:57:12.952 | INFO     | __main__:write_csv_file:80 - SUCCESS: CSV data written to data\nba.csv
2025-02-01 11:57:12.952 | INFO     | __main__:fetch_csv_file:56 - SUCCESS: CSV file fetched and saved as nba.csv
2025-02-01 12:01:29.123 | INFO     | utils_logger:<module>:41 - Logging to file: logs\project_log.log
2025-02-01 12:01:29.123 | INFO     | __main__:main:93 - Starting CSV fetch demonstration...
2025-02-01 12:01:29.124 | INFO     | __main__:fetch_csv_file:52 - Fetching CSV data from https://raw.githubusercontent.com/jfrummel/datafun-03-analytics/refs/heads/main/data/Premleg_23_24_file_details%20(1).csv...
2025-02-01 12:01:29.169 | INFO     | __main__:write_csv_file:76 - Writing CSV data to data\nba.csv...
2025-02-01 12:01:29.170 | INFO     | __main__:write_csv_file:80 - SUCCESS: CSV data written to data\nba.csv
2025-02-01 12:01:29.171 | INFO     | __main__:fetch_csv_file:56 - SUCCESS: CSV file fetched and saved as nba.csv
2025-02-01 12:02:04.032 | INFO     | utils_logger:<module>:41 - Logging to file: logs\project_log.log
2025-02-01 12:02:04.032 | INFO     | __main__:main:93 - Starting CSV fetch demonstration...
2025-02-01 12:02:04.032 | INFO     | __main__:fetch_csv_file:52 - Fetching CSV data from https://raw.githubusercontent.com/jfrummel/datafun-03-analytics/refs/heads/main/data/Premleg_23_24_file_details%20(1).csv...
2025-02-01 12:02:04.075 | INFO     | __main__:write_csv_file:76 - Writing CSV data to data\soccer.csv...
2025-02-01 12:02:04.076 | INFO     | __main__:write_csv_file:80 - SUCCESS: CSV data written to data\soccer.csv
2025-02-01 12:02:04.077 | INFO     | __main__:fetch_csv_file:56 - SUCCESS: CSV file fetched and saved as soccer.csv
2025-02-01 12:03:50.568 | INFO     | utils_logger:<module>:41 - Logging to file: logs\project_log.log
2025-02-01 12:03:50.569 | INFO     | __main__:main:93 - Starting Excel fetch demonstration...
2025-02-01 12:03:50.569 | INFO     | __main__:fetch_excel_file:52 - Fetching Excel data from https://raw.githubusercontent.com/jfrummel/datafun-03-analytics/refs/heads/main/data/sportsref_download.xls...
2025-02-01 12:03:50.618 | INFO     | __main__:write_excel_file:76 - Writing Excel data to data\bulls.xlsx...
2025-02-01 12:03:50.619 | INFO     | __main__:write_excel_file:80 - SUCCESS: Excel data written to data\bulls.xlsx
2025-02-01 12:03:50.620 | INFO     | __main__:fetch_excel_file:56 - SUCCESS: Excel file fetched and saved as bulls.xlsx
2025-02-01 12:08:58.406 | INFO     | utils_logger:<module>:41 - Logging to file: logs\project_log.log
2025-02-01 12:08:58.406 | INFO     | __main__:main:93 - Starting CSV fetch demonstration...
2025-02-01 12:08:58.407 | INFO     | __main__:fetch_csv_file:52 - Fetching CSV data from https://raw.githubusercontent.com/jfrummel/datafun-03-analytics/refs/heads/main/data/dataset%20-%202020-09-24.csv...
2025-02-01 12:08:58.470 | INFO     | __main__:write_csv_file:76 - Writing CSV data to data\soccer.csv...
2025-02-01 12:08:58.473 | INFO     | __main__:write_csv_file:80 - SUCCESS: CSV data written to data\soccer.csv
2025-02-01 12:08:58.473 | INFO     | __main__:fetch_csv_file:56 - SUCCESS: CSV file fetched and saved as soccer.csv
2025-02-01 12:13:03.020 | INFO     | utils_logger:<module>:41 - Logging to file: logs\project_log.log
2025-02-01 12:13:03.020 | INFO     | __main__:<module>:78 - Starting CSV processing...
2025-02-01 12:13:03.026 | INFO     | __main__:process_csv_file:71 - Processed CSV file: data\soccer.csv, Statistics saved to: data_processed\soccer_goals_stats.txt
2025-02-01 12:13:03.026 | INFO     | __main__:<module>:80 - CSV processing complete.
2025-02-01 12:57:24.911 | INFO     | utils_logger:<module>:41 - Logging to file: logs\project_log.log
2025-02-01 12:57:24.916 | INFO     | __main__:main:93 - Starting Excel fetch demonstration...
2025-02-01 12:57:24.917 | INFO     | __main__:fetch_excel_file:52 - Fetching Excel data from https://raw.githubusercontent.com/jfrummel/datafun-03-analytics/refs/heads/main/data/anxiety_attack_dataset.xlsx...
2025-02-01 12:57:25.409 | INFO     | __main__:write_excel_file:76 - Writing Excel data to data\anxiety.xlsx...
2025-02-01 12:57:25.411 | INFO     | __main__:write_excel_file:80 - SUCCESS: Excel data written to data\anxiety.xlsx
2025-02-01 12:57:25.411 | INFO     | __main__:fetch_excel_file:56 - SUCCESS: Excel file fetched and saved as anxiety.xlsx
2025-02-01 13:00:35.383 | INFO     | utils_logger:<module>:41 - Logging to file: logs\project_log.log
2025-02-01 13:00:35.383 | INFO     | __main__:<module>:52 - Starting text processing...
2025-02-01 13:00:35.388 | INFO     | __main__:process_text_file:45 - Processed text file: data\declaration.txt, Word count saved to: data_processed\text_declaration_word_count.txt
2025-02-01 13:00:35.388 | INFO     | __main__:<module>:54 - Text processing complete.
2025-02-01 13:06:38.269 | INFO     | utils_logger:<module>:41 - Logging to file: logs\project_log.log
2025-02-01 13:06:38.270 | INFO     | __main__:main:94 - Starting JSON fetch demonstration...
2025-02-01 13:06:38.270 | INFO     | __main__:fetch_json_file:53 - Fetching JSON data from https://api.nobelprize.org/v1/prize.json...
2025-02-01 13:06:38.368 | INFO     | __main__:write_json_file:77 - Writing JSON data to data\nobel.json...
2025-02-01 13:06:38.399 | INFO     | __main__:write_json_file:81 - SUCCESS: JSON data written to data\nobel.json
2025-02-01 13:06:38.400 | INFO     | __main__:fetch_json_file:57 - SUCCESS: JSON file fetched and saved as nobel.json
2025-02-01 13:20:28.718 | INFO     | utils_logger:<module>:41 - Logging to file: logs\project_log.log
2025-02-01 13:20:28.718 | INFO     | __main__:<module>:84 - Starting JSON processing...
2025-02-01 13:20:28.728 | INFO     | __main__:process_json_file:77 - Processed JSON file: data\nobel.json, Results saved to: data_processed\json_winners_by_category.txt
2025-02-01 13:20:28.728 | INFO     | __main__:<module>:86 - JSON processing complete.
2025-02-01 13:58:16.788 | INFO     | utils_logger:<module>:41 - Logging to file: logs\project_log.log
2025-02-01 13:58:16.788 | INFO     | __main__:main:94 - Starting JSON fetch demonstration...
2025-02-01 13:58:16.788 | INFO     | __main__:fetch_json_file:53 - Fetching JSON data from https://raw.githubusercontent.com/jfrummel/datafun-03-analytics/refs/heads/main/data/users_100.json...
2025-02-01 13:58:16.850 | INFO     | __main__:write_json_file:77 - Writing JSON data to data\users.json...
2025-02-01 13:58:16.856 | INFO     | __main__:write_json_file:81 - SUCCESS: JSON data written to data\users.json
2025-02-01 13:58:16.856 | INFO     | __main__:fetch_json_file:57 - SUCCESS: JSON file fetched and saved as users.json
2025-02-01 14:07:59.178 | INFO     | utils_logger:<module>:41 - Logging to file: logs\project_log.log
2025-02-01 14:07:59.179 | INFO     | __main__:<module>:84 - Starting JSON processing...
2025-02-01 14:07:59.180 | ERROR    | __main__:count_people_by_city:61 - Error reading or processing JSON file: 'list' object has no attribute 'get'
2025-02-01 14:07:59.180 | INFO     | __main__:process_json_file:77 - Processed JSON file: data\users.json, Results saved to: data_processed\json_people_by_city.txt
2025-02-01 14:07:59.181 | INFO     | __main__:<module>:86 - JSON processing complete.
2025-02-01 14:08:46.735 | INFO     | utils_logger:<module>:41 - Logging to file: logs\project_log.log
2025-02-01 14:08:46.735 | INFO     | __main__:<module>:84 - Starting JSON processing...
2025-02-01 14:08:46.736 | ERROR    | __main__:count_people_by_city:61 - Error reading or processing JSON file: 'list' object has no attribute 'get'
2025-02-01 14:08:46.737 | INFO     | __main__:process_json_file:77 - Processed JSON file: data\users.json, Results saved to: data_processed\json_people_by_city.txt
2025-02-01 14:08:46.737 | INFO     | __main__:<module>:86 - JSON processing complete.
2025-02-01 14:14:23.015 | INFO     | utils_logger:<module>:41 - Logging to file: logs\project_log.log
2025-02-01 14:14:23.015 | INFO     | __main__:main:94 - Starting JSON fetch demonstration...
2025-02-01 14:14:23.016 | INFO     | __main__:fetch_json_file:53 - Fetching JSON data from https://raw.githubusercontent.com/jfrummel/datafun-03-analytics/refs/heads/main/data/users_100.json...
2025-02-01 14:14:23.389 | ERROR    | __main__:fetch_json_file:61 - Request error occurred: Expecting property name enclosed in double quotes: line 1 column 2 (char 1)
2025-02-01 14:15:24.843 | INFO     | utils_logger:<module>:41 - Logging to file: logs\project_log.log
2025-02-01 14:15:24.844 | INFO     | __main__:main:94 - Starting JSON fetch demonstration...
2025-02-01 14:15:24.844 | INFO     | __main__:fetch_json_file:53 - Fetching JSON data from https://raw.githubusercontent.com/jfrummel/datafun-03-analytics/refs/heads/main/data/users_100.json...
2025-02-01 14:15:24.881 | ERROR    | __main__:fetch_json_file:61 - Request error occurred: Expecting property name enclosed in double quotes: line 1 column 2 (char 1)
2025-02-01 14:15:48.456 | INFO     | utils_logger:<module>:41 - Logging to file: logs\project_log.log
2025-02-01 14:15:48.456 | INFO     | __main__:main:94 - Starting JSON fetch demonstration...
2025-02-01 14:15:48.456 | INFO     | __main__:fetch_json_file:53 - Fetching JSON data from https://raw.githubusercontent.com/jfrummel/datafun-03-analytics/refs/heads/main/data/users_100.json...
2025-02-01 14:15:48.542 | ERROR    | __main__:fetch_json_file:61 - Request error occurred: Expecting property name enclosed in double quotes: line 1 column 2 (char 1)
2025-02-01 14:17:29.363 | INFO     | utils_logger:<module>:41 - Logging to file: logs\project_log.log
2025-02-01 14:17:29.363 | INFO     | __main__:main:94 - Starting JSON fetch demonstration...
2025-02-01 14:17:29.364 | INFO     | __main__:fetch_json_file:53 - Fetching JSON data from https://raw.githubusercontent.com/jfrummel/datafun-03-analytics/refs/heads/main/data/users_100.json...
2025-02-01 14:17:29.417 | ERROR    | __main__:fetch_json_file:61 - Request error occurred: Expecting property name enclosed in double quotes: line 1 column 2 (char 1)
2025-02-01 14:21:16.707 | INFO     | utils_logger:<module>:41 - Logging to file: logs\project_log.log
2025-02-01 14:21:16.707 | INFO     | __main__:main:94 - Starting JSON fetch demonstration...
2025-02-01 14:21:16.707 | INFO     | __main__:fetch_json_file:53 - Fetching JSON data from https://raw.githubusercontent.com/jfrummel/datafun-03-analytics/refs/heads/main/data/users_100.json...
2025-02-01 14:21:17.075 | INFO     | __main__:write_json_file:77 - Writing JSON data to data\users.json...
2025-02-01 14:21:17.077 | INFO     | __main__:write_json_file:81 - SUCCESS: JSON data written to data\users.json
2025-02-01 14:21:17.077 | INFO     | __main__:fetch_json_file:57 - SUCCESS: JSON file fetched and saved as users.json
2025-02-01 14:21:37.984 | INFO     | utils_logger:<module>:41 - Logging to file: logs\project_log.log
2025-02-01 14:21:37.985 | INFO     | __main__:<module>:84 - Starting JSON processing...
2025-02-01 14:21:37.985 | INFO     | __main__:process_json_file:77 - Processed JSON file: data\users.json, Results saved to: data_processed\json_people_by_city.txt
2025-02-01 14:21:37.985 | INFO     | __main__:<module>:86 - JSON processing complete.
2025-02-01 14:27:55.554 | INFO     | utils_logger:<module>:41 - Logging to file: logs\project_log.log
2025-02-01 14:27:55.554 | INFO     | __main__:main:93 - Starting Excel fetch demonstration...
2025-02-01 14:27:55.555 | INFO     | __main__:fetch_excel_file:52 - Fetching Excel data from https://github.com/jfrummel/datafun-03-analytics/blob/main/data/1_04_Fire_Services_Customer_Survey_(detail)_2688150050134091167%20(1).xlsx...
2025-02-01 14:27:56.449 | INFO     | __main__:write_excel_file:76 - Writing Excel data to data\ems.xlsx...
2025-02-01 14:27:56.450 | INFO     | __main__:write_excel_file:80 - SUCCESS: Excel data written to data\ems.xlsx
2025-02-01 14:27:56.451 | INFO     | __main__:fetch_excel_file:56 - SUCCESS: Excel file fetched and saved as ems.xlsx
2025-02-01 14:32:19.591 | INFO     | utils_logger:<module>:41 - Logging to file: logs\project_log.log
2025-02-01 14:32:19.592 | INFO     | __main__:<module>:61 - Starting Excel processing...
2025-02-01 14:32:19.592 | ERROR    | __main__:count_word_in_column:41 - Error reading Excel file: File is not a zip file
2025-02-01 14:32:19.593 | INFO     | __main__:process_excel_file:54 - Processed Excel file: data\ems.xlsx, Word count saved to: data_processed\excel_response_5_count.txt
2025-02-01 14:32:19.594 | INFO     | __main__:<module>:63 - Excel processing complete.
2025-02-01 14:39:03.180 | INFO     | utils_logger:<module>:41 - Logging to file: logs\project_log.log
2025-02-01 14:39:03.180 | INFO     | __main__:<module>:61 - Starting Excel processing...
2025-02-01 14:39:03.181 | ERROR    | __main__:count_word_in_column:41 - Error reading Excel file: File is not a zip file
2025-02-01 14:39:03.181 | INFO     | __main__:process_excel_file:54 - Processed Excel file: data\ems.xlsx, Word count saved to: data_processed\excel_response_5_count.txt
2025-02-01 14:39:03.181 | INFO     | __main__:<module>:63 - Excel processing complete.
2025-02-01 14:45:00.112 | INFO     | utils_logger:<module>:41 - Logging to file: logs\project_log.log
2025-02-01 14:45:00.112 | INFO     | __main__:main:93 - Starting Excel fetch demonstration...
2025-02-01 14:45:00.113 | INFO     | __main__:fetch_excel_file:52 - Fetching Excel data from https://github.com/jfrummel/datafun-03-analytics/raw/refs/heads/main/data/Raw%20Data.xlsx...
2025-02-01 14:45:00.803 | INFO     | __main__:write_excel_file:76 - Writing Excel data to data\rawdata.xlsx...
2025-02-01 14:45:00.804 | INFO     | __main__:write_excel_file:80 - SUCCESS: Excel data written to data\rawdata.xlsx
2025-02-01 14:45:00.804 | INFO     | __main__:fetch_excel_file:56 - SUCCESS: Excel file fetched and saved as rawdata.xlsx
2025-02-01 14:46:51.059 | INFO     | utils_logger:<module>:41 - Logging to file: logs\project_log.log
2025-02-01 14:46:51.059 | INFO     | __main__:<module>:61 - Starting Excel processing...
2025-02-01 14:46:51.060 | ERROR    | __main__:count_word_in_column:41 - Error reading Excel file: File is not a zip file
2025-02-01 14:46:51.061 | INFO     | __main__:process_excel_file:54 - Processed Excel file: data\ems.xlsx, Word count saved to: data_processed\excel_word_bachelors_count.txt
2025-02-01 14:46:51.061 | INFO     | __main__:<module>:63 - Excel processing complete.
2025-02-01 14:50:01.645 | INFO     | utils_logger:<module>:41 - Logging to file: logs\project_log.log
2025-02-01 14:50:01.645 | INFO     | __main__:<module>:61 - Starting Excel processing...
2025-02-01 14:50:01.645 | ERROR    | __main__:count_word_in_column:41 - Error reading Excel file: File is not a zip file
2025-02-01 14:50:01.646 | INFO     | __main__:process_excel_file:54 - Processed Excel file: data\ems.xlsx, Word count saved to: data_processed\excel_word_bachelors_count.txt
2025-02-01 14:50:01.646 | INFO     | __main__:<module>:63 - Excel processing complete.
2025-02-01 14:53:04.270 | INFO     | utils_logger:<module>:41 - Logging to file: logs\project_log.log
2025-02-01 14:53:04.270 | INFO     | __main__:main:93 - Starting Excel fetch demonstration...
2025-02-01 14:53:04.270 | INFO     | __main__:fetch_excel_file:52 - Fetching Excel data from https://github.com/jfrummel/datafun-03-analytics/raw/refs/heads/main/data/bike_sales.xlsx...
2025-02-01 14:53:04.533 | INFO     | __main__:write_excel_file:76 - Writing Excel data to data\rawdata.xlsx...
2025-02-01 14:53:04.534 | INFO     | __main__:write_excel_file:80 - SUCCESS: Excel data written to data\rawdata.xlsx
2025-02-01 14:53:04.535 | INFO     | __main__:fetch_excel_file:56 - SUCCESS: Excel file fetched and saved as rawdata.xlsx
2025-02-01 14:53:26.330 | INFO     | utils_logger:<module>:41 - Logging to file: logs\project_log.log
2025-02-01 14:53:26.330 | INFO     | __main__:<module>:61 - Starting Excel processing...
2025-02-01 14:53:26.331 | ERROR    | __main__:count_word_in_column:41 - Error reading Excel file: File is not a zip file
2025-02-01 14:53:26.331 | INFO     | __main__:process_excel_file:54 - Processed Excel file: data\ems.xlsx, Word count saved to: data_processed\excel_word_bachelors_count.txt
2025-02-01 14:53:26.332 | INFO     | __main__:<module>:63 - Excel processing complete.
2025-02-01 14:56:40.082 | INFO     | utils_logger:<module>:41 - Logging to file: logs\project_log.log
2025-02-01 14:56:40.083 | INFO     | __main__:main:93 - Starting Excel fetch demonstration...
2025-02-01 14:56:40.083 | INFO     | __main__:fetch_excel_file:52 - Fetching Excel data from https://raw.githubusercontent.com/jfrummel/datafun-03-analytics/raw/refs/heads/main/data/bike_sales.xlsx...
2025-02-01 14:56:40.203 | ERROR    | __main__:fetch_excel_file:58 - HTTP error occurred: 404 Client Error: Not Found for url: https://raw.githubusercontent.com/jfrummel/datafun-03-analytics/raw/refs/heads/main/data/bike_sales.xlsx
2025-02-01 15:00:46.211 | INFO     | utils_logger:<module>:41 - Logging to file: logs\project_log.log
2025-02-01 15:00:46.211 | INFO     | __main__:main:93 - Starting Excel fetch demonstration...
2025-02-01 15:00:46.212 | INFO     | __main__:fetch_excel_file:52 - Fetching Excel data from https://raw.githubusercontent.com/jfrummel/datafun-03-analytics/main/data/Raw%20Data.xlsx...
2025-02-01 15:00:46.344 | ERROR    | __main__:fetch_excel_file:58 - HTTP error occurred: 404 Client Error: Not Found for url: https://raw.githubusercontent.com/jfrummel/datafun-03-analytics/main/data/Raw%20Data.xlsx
2025-02-01 15:01:05.191 | INFO     | utils_logger:<module>:41 - Logging to file: logs\project_log.log
2025-02-01 15:01:05.192 | INFO     | __main__:main:93 - Starting Excel fetch demonstration...
2025-02-01 15:01:05.192 | INFO     | __main__:fetch_excel_file:52 - Fetching Excel data from https://github.com/jfrummel/datafun-03-analytics/raw/refs/heads/main/data/Raw%20Data.xlsx...
2025-02-01 15:01:05.741 | ERROR    | __main__:fetch_excel_file:58 - HTTP error occurred: 404 Client Error: Not Found for url: https://github.com/jfrummel/datafun-03-analytics/raw/refs/heads/main/data/Raw%20Data.xlsx
2025-02-01 15:01:51.199 | INFO     | utils_logger:<module>:41 - Logging to file: logs\project_log.log
2025-02-01 15:01:51.199 | INFO     | __main__:main:93 - Starting Excel fetch demonstration...
2025-02-01 15:01:51.200 | INFO     | __main__:fetch_excel_file:52 - Fetching Excel data from https://github.com/jfrummel/datafun-03-analytics/raw/refs/heads/main/data/bike_sales.xlsx...
2025-02-01 15:01:51.590 | INFO     | __main__:write_excel_file:76 - Writing Excel data to data\.xlsx...
2025-02-01 15:01:51.593 | INFO     | __main__:write_excel_file:80 - SUCCESS: Excel data written to data\.xlsx
2025-02-01 15:01:51.593 | INFO     | __main__:fetch_excel_file:56 - SUCCESS: Excel file fetched and saved as .xlsx
2025-02-01 15:02:17.770 | INFO     | utils_logger:<module>:41 - Logging to file: logs\project_log.log
2025-02-01 15:02:17.771 | INFO     | __main__:<module>:61 - Starting Excel processing...
2025-02-01 15:02:17.771 | ERROR    | __main__:count_word_in_column:41 - Error reading Excel file: File is not a zip file
2025-02-01 15:02:17.772 | INFO     | __main__:process_excel_file:54 - Processed Excel file: data\ems.xlsx, Word count saved to: data_processed\excel_word_bachelors_count.txt
2025-02-01 15:02:17.773 | INFO     | __main__:<module>:63 - Excel processing complete.
2025-02-01 15:02:55.409 | INFO     | utils_logger:<module>:41 - Logging to file: logs\project_log.log
2025-02-01 15:02:55.410 | INFO     | __main__:<module>:61 - Starting Excel processing...
2025-02-01 15:02:55.431 | INFO     | __main__:process_excel_file:54 - Processed Excel file: data\rawdata.xlsx, Word count saved to: data_processed\excel_word_bachelors_count.txt
2025-02-01 15:02:55.432 | INFO     | __main__:<module>:63 - Excel processing complete.
2025-02-01 15:03:46.430 | INFO     | utils_logger:<module>:41 - Logging to file: logs\project_log.log
2025-02-01 15:03:46.430 | INFO     | __main__:<module>:78 - Starting CSV processing...
2025-02-01 15:03:46.436 | INFO     | __main__:process_csv_file:71 - Processed CSV file: data\soccer.csv, Statistics saved to: data_processed\soccer_goals_stats.txt
2025-02-01 15:03:46.436 | INFO     | __main__:<module>:80 - CSV processing complete.
2025-02-01 15:04:00.097 | INFO     | utils_logger:<module>:41 - Logging to file: logs\project_log.log
2025-02-01 15:04:00.098 | INFO     | __main__:<module>:61 - Starting Excel processing...
2025-02-01 15:04:00.110 | INFO     | __main__:process_excel_file:54 - Processed Excel file: data\rawdata.xlsx, Word count saved to: data_processed\excel_word_bachelors_count.txt
2025-02-01 15:04:00.110 | INFO     | __main__:<module>:63 - Excel processing complete.
2025-02-01 15:04:17.798 | INFO     | utils_logger:<module>:41 - Logging to file: logs\project_log.log
2025-02-01 15:04:17.799 | INFO     | __main__:<module>:84 - Starting JSON processing...
2025-02-01 15:04:17.804 | INFO     | __main__:process_json_file:77 - Processed JSON file: data\users.json, Results saved to: data_processed\json_people_by_city.txt
2025-02-01 15:04:17.804 | INFO     | __main__:<module>:86 - JSON processing complete.
2025-02-01 15:04:29.921 | INFO     | utils_logger:<module>:41 - Logging to file: logs\project_log.log
2025-02-01 15:04:29.921 | INFO     | __main__:<module>:52 - Starting text processing...
2025-02-01 15:04:29.926 | INFO     | __main__:process_text_file:45 - Processed text file: data\declaration.txt, Word count saved to: data_processed\text_declaration_word_count.txt
2025-02-01 15:04:29.926 | INFO     | __main__:<module>:54 - Text processing complete.
